Dark Jeanne - (189841058560081920)
salt
null
salt
null
Dark Jeanne - (189841058560081920)
salt
null
!!
null
Dark Jeanne - (189841058560081920)
salt
null
salt
null
guide
calc
!!
null
:)
null
help
null
help
guide
commands
null
roulette
null
Dark Jeanne - (189841058560081920)
roulette
null
Dark Jeanne - (189841058560081920)
roulette
whale whale
roulette
null
help
null
help
guide
help
roulette
guide
crepe
Dark Jeanne - (189841058560081920)
Dark Jeanne - (189841058560081920)
roulette
yes no
help
guide
guide
roulette
0
help
roulette
roulette
opnick nicksei
roulette
whalenow whalelater
!
null
salt
null
roulette
alphonse jewsnek
!!
null
guide
weapon
1
!1
null
?
null
Dark Jeanne - (189841058560081920)
!!!
null
Dark Jeanne - (189841058560081920)
salt
null
salt
null
!!
null
roulette
boobs or eyes
salt
null
salt
null
roulette
nickplsgo nickplsgo
goaway
<@95315786352033792>
rawr
null
guide
general
1
guide
snake
0
Dark Jeanne - (189841058560081920)
whale
null
roulette
whale or no whale
whale
null
petite
null
countdown
10
salt
null
salt
null
salt
null
salt
null
salt
null
!!
null
!!!
null
Dark Jeanne - (189841058560081920)
Dark Jeanne - (189841058560081920)
Dark Jeanne - (189841058560081920)
Dark Jeanne - (189841058560081920)

null

null

null
goaway
null
rawr
null
:)
null
roulette
nickpls nickpls
roulette
punishme
roulette
nick neill
!!
null
weapon
guide
guide
weapon
1
guide
wep
2
guide
calc
1
guide
weapon
1
!!
null
honitsu
null
honitsu
null
help
null
!!
null
Dark Jeanne - (189841058560081920)
Dark Jeanne - (189841058560081920)
!
null
salt
null
!!
null
roulette
snake or snek
guide
level
0
guide
weapon
1
!!
wow

null
roulette
to roll or not to roll
roulette
opnpls opnpls
help
roulette
roulette
bully fuyu or bully fuyu
roulette
bread_roll spring_roll
roulette
sleep stayawake
roulette
Pikachu Charmander
roulette
forte no_forte
roulette
opn_has_bad_taste opn_has_bad_taste
roulette
bully_opn no_bully_opn
roulette
whale dontwhale
roulette
bully_opn no_bully_opn bully_opn_more bully_opn_all_day unfriend_opn
Dark Jeanne - (189841058560081920)
salt
null
cry
null
!!!
null

null
petite!
null
!!!
null
!!
null
guide
calc
1
!!!!!!!!!!!
null
Dark Jeanne - (189841058560081920)
Dark Jeanne - (189841058560081920)
guide
weapon
1

null

null
?!
null
!!
null
salt
null
salt
null

null
!!
null
!!!
null
!!
that is really good to know
!!
the alchemist outfits are so good
Dark Jeanne - (189841058560081920)
Dark Jeanne - (189841058560081920)
guide
special
1

null
guide
japanese
1
!!!!!
null
guide
poker
0
salt
null
Dark Jeanne - (189841058560081920)
!!
null
!!
null
!!
null
!!
null
!!
null
time
JST
Dark Jeanne - (189841058560081920)
Dark Jeanne - (189841058560081920)
!!!!!!!!!
null
Dark Jeanne - (189841058560081920)
Dark Jeanne - (189841058560081920)
Dark Jeanne - (189841058560081920)
Dark Jeanne - (189841058560081920)
Dark Jeanne - (189841058560081920)
!!
null
!!
null
!
null
!!
null

null
salt
null

null
salt
null
!!!!
null
!
null
!!
null
salt
null
guide
character info
1

null
!!
null

null

null
?
null
?
null
Dark Jeanne - (189841058560081920)
Dark Jeanne - (189841058560081920)
!!
null
!!
null
Dark Jeanne - (189841058560081920)
Dark Jeanne - (189841058560081920)
Dark Jeanne - (189841058560081920)
Dark Jeanne - (189841058560081920)
Dark Jeanne - (189841058560081920)
!!
null
!!
null
??????
nani kore
salt
null

null
!!!
null
!!!!!!!!!!
null

null
!!
null
!
null
salt
null
!!
null

null
Dark Jeanne - (189841058560081920)
!!
null
Error GETing gateway list:
null
Dark Jeanne - (189841058560081920)
salt
null
guide
weapon
1
guide
data
0
guide
gw
2
!!
null
!!
null
!!
null
Dark Jeanne - (189841058560081920)
Dark Jeanne - (189841058560081920)
Dark Jeanne - (189841058560081920)
Dark Jeanne - (189841058560081920)
Dark Jeanne - (189841058560081920)
salt
null
!!
null
!
null
salt
null
!!
null

null

null
!!
null
salt
null
!!
null
guide
calc
1
!!
null
salt
null
!!
null
salt
null
salt
null
salt
null
salt
null
!!!
null
!
null
!!
null
skill
null
!!
null
salt
null
!!
null

null
!
null
!!
null
!!
null
?!?!?
null
Dark Jeanne - (189841058560081920)
!!
null
Dark Jeanne - (189841058560081920)
Dark Jeanne - (189841058560081920)
!!!!!
null
!!
null
!
null
!!!
null
!!!!!!
null

null
!!!!!!
null
calculator
null
guide
calculator
1

null
guide
weapon
1
!!
null
salt
null
!!
null
!!
null
!!
null
!!!
null

null
!!
nicki did you get anything good!!!
!!
null

I'm taller than someone!! XD XD

null
Dark Jeanne - (189841058560081920)
!!
null
guild
wars
Dark Jeanne - (189841058560081920)
Dark Jeanne - (189841058560081920)
Dark Jeanne - (189841058560081920)
!!
null
!!
null
Dark Jeanne - (189841058560081920)
salt
null
salt
null
Dark Jeanne - (189841058560081920)
!!
null
!!
null
define
sunk cost fallacy
petite
null
salt
null

null
!!
null

null
!!!!
null
Dark Jeanne - (189841058560081920)
fist
null
fistdjean
null
skill
null
!!
null

null
salt
null
!!
null
!!
null
!!
null

null
!!
null
!!
null
!
null

null

null

null

null

null

null
!!!!
null
!!
null
Dark Jeanne - (189841058560081920)
Dark Jeanne - (189841058560081920)
!!
null
!
null
Dark Jeanne - (189841058560081920)
Dark Jeanne - (189841058560081920)

null
!
null
salt
null

null
Dark Jeanne - (189841058560081920)
Dark Jeanne - (189841058560081920)

null

null

null

null

null

null

null
c
medicine
salt
null
!
null
Dark Jeanne - (189841058560081920)
skill
null
Dark Jeanne - (189841058560081920)

null
!!!
null

null
!!!!!!!!!!!!!!!!!
null
salt
null

null
!!
null

null

null

null

null

null
!!!!!!!!
null
Dark Jeanne - (189841058560081920)
Dark Jeanne - (189841058560081920)
salt
null
!!
null
!!
null

null

null
8ball
is rhyme gonna get memed on by the enemy guild

null
Dark Jeanne - (189841058560081920)
salt
null
!
null

null
!!
null
Dark Jeanne - (189841058560081920)

null
Dark Jeanne - (189841058560081920)
!!!!!
null

null

null
guide
calc
1
!!!
null
Dark Jeanne - (189841058560081920)
Dark Jeanne - (189841058560081920)
Dark Jeanne - (189841058560081920)

null
!!
null
!!!!!
null

null

null
!!
null

null
!!!
null
!
null

null
!!!!!!!!!!!
null
?!?!?!
null
!!!!
null

null

null

null
!!
null
!!
null
!!
null
skill
null

null
!!
null

null

null
!!!!!!!!!!!!!!!!
null

null

null
!!
null

null
!!
null
Dark Jeanne - (189841058560081920)
Dark Jeanne - (189841058560081920)

null

null
commands
null
help
null
guide
null
